<?xml version="1.0" encoding="UTF-8"?>
<!-- Generated by org.testng.reporters.JUnitXMLReporter -->
<testsuite hostname="sagarmalik-1" name="LoginTest" tests="2" failures="0" timestamp="16 May 2022 12:11:16 GMT" time="2.269" errors="0">
  <testcase name="@BeforeMethod beforeMethod" time="0.0" classname="com.selenium.pom.TestCases.LoginTest">
    <skipped/>
  </testcase> <!-- @BeforeMethod beforeMethod -->
  <testcase name="@AfterMethod afterMethod" time="0.0" classname="com.selenium.pom.TestCases.LoginTest">
    <skipped/>
  </testcase> <!-- @AfterMethod afterMethod -->
  <testcase name="@BeforeMethod beforeMethod" time="0.0" classname="com.selenium.pom.TestCases.LoginTest">
    <skipped/>
  </testcase> <!-- @BeforeMethod beforeMethod -->
  <testcase name="@AfterMethod afterMethod" time="0.0" classname="com.selenium.pom.TestCases.LoginTest">
    <skipped/>
  </testcase> <!-- @AfterMethod afterMethod -->
  <testcase name="LoginFunctionalityTest" time="0.0" classname="com.selenium.pom.TestCases.LoginTest">
    <skipped/>
  </testcase> <!-- LoginFunctionalityTest -->
  <testcase name="FlightFindTest" time="0.016" classname="com.selenium.pom.TestCases.LoginTest">
    <skipped/>
  </testcase> <!-- FlightFindTest -->
</testsuite> <!-- LoginTest -->
